Using pre-set license
Built from '2022.3/release' branch; Version is '2022.3.5f1 (9674261d40ee) revision 9860134'; Using compiler version '192829333'; Build Type 'Release'
OS: 'Windows 11  (10.0.22621) 64bit Core' Language: 'en' Physical Memory: 6023 MB
BatchMode: 1, IsHumanControllingUs: 0, StartBugReporterOnCrash: 0, Is64bit: 1, IsPro: 1

COMMAND LINE ARGUMENTS:
D:\Unity Editor\2022.3.5f1\Editor\Unity.exe
-adb2
-batchMode
-noUpm
-name
AssetImportWorker0
-projectPath
D:/Game-development/Chapter02
-logFile
Logs/AssetImportWorker0.log
-srvPort
50087
Successfully changed project path to: D:/Game-development/Chapter02
D:/Game-development/Chapter02
[UnityMemory] Configuration Parameters - Can be set up in boot.config
    "memorysetup-bucket-allocator-granularity=16"
    "memorysetup-bucket-allocator-bucket-count=8"
    "memorysetup-bucket-allocator-block-size=33554432"
    "memorysetup-bucket-allocator-block-count=8"
    "memorysetup-main-allocator-block-size=16777216"
    "memorysetup-thread-allocator-block-size=16777216"
    "memorysetup-gfx-main-allocator-block-size=16777216"
    "memorysetup-gfx-thread-allocator-block-size=16777216"
    "memorysetup-cache-allocator-block-size=4194304"
    "memorysetup-typetree-allocator-block-size=2097152"
    "memorysetup-profiler-bucket-allocator-granularity=16"
    "memorysetup-profiler-bucket-allocator-bucket-count=8"
    "memorysetup-profiler-bucket-allocator-block-size=33554432"
    "memorysetup-profiler-bucket-allocator-block-count=8"
    "memorysetup-profiler-allocator-block-size=16777216"
    "memorysetup-profiler-editor-allocator-block-size=1048576"
    "memorysetup-temp-allocator-size-main=16777216"
    "memorysetup-job-temp-allocator-block-size=2097152"
    "memorysetup-job-temp-allocator-block-size-background=1048576"
    "memorysetup-job-temp-allocator-reduction-small-platforms=262144"
    "memorysetup-allocator-temp-initial-block-size-main=262144"
    "memorysetup-allocator-temp-initial-block-size-worker=262144"
    "memorysetup-temp-allocator-size-background-worker=32768"
    "memorysetup-temp-allocator-size-job-worker=262144"
    "memorysetup-temp-allocator-size-preload-manager=33554432"
    "memorysetup-temp-allocator-size-nav-mesh-worker=65536"
    "memorysetup-temp-allocator-size-audio-worker=65536"
    "memorysetup-temp-allocator-size-cloud-worker=32768"
    "memorysetup-temp-allocator-size-gi-baking-worker=262144"
    "memorysetup-temp-allocator-size-gfx=262144"
Player connection [13848] Host "[IP] 10.81.5.166 [Port] 0 [Flags] 2 [Guid] 2843508706 [EditorId] 2843508706 [Version] 1048832 [Id] WindowsEditor(7,LAPTOP-3QGG01RO) [Debug] 1 [PackageName] WindowsEditor [ProjectName] Editor" joined multi-casting on [225.0.0.222:54997]...

Player connection [13848] Host "[IP] 10.81.5.166 [Port] 0 [Flags] 2 [Guid] 2843508706 [EditorId] 2843508706 [Version] 1048832 [Id] WindowsEditor(7,LAPTOP-3QGG01RO) [Debug] 1 [PackageName] WindowsEditor [ProjectName] Editor" joined alternative multi-casting on [225.0.0.222:34997]...

Refreshing native plugins compatible for Editor in 61.89 ms, found 2 plugins.
Preloading 0 native plugins for Editor in 0.00 ms.
Initialize engine version: 2022.3.5f1 (9674261d40ee)
[Subsystems] Discovering subsystems at path D:/Unity Editor/2022.3.5f1/Editor/Data/Resources/UnitySubsystems
[Subsystems] Discovering subsystems at path D:/Game-development/Chapter02/Assets
GfxDevice: creating device client; threaded=0; jobified=0
Direct3D:
    Version:  Direct3D 11.0 [level 11.1]
    Renderer: AMD Radeon(TM) Graphics (ID=0x15d8)
    Vendor:   ATI
    VRAM:     3011 MB
    Driver:   31.0.12044.3
Initialize mono
Mono path[0] = 'D:/Unity Editor/2022.3.5f1/Editor/Data/Managed'
Mono path[1] = 'D:/Unity Editor/2022.3.5f1/Editor/Data/MonoBleedingEdge/lib/mono/unityjit-win32'
Mono config path = 'D:/Unity Editor/2022.3.5f1/Editor/Data/MonoBleedingEdge/etc'
Using monoOptions --debugger-agent=transport=dt_socket,embedding=1,server=y,suspend=n,address=127.0.0.1:56844
Begin MonoManager ReloadAssembly
Registering precompiled unity dll's ...
Register platform support module: D:/Unity Editor/2022.3.5f1/Editor/Data/PlaybackEngines/WebGLSupport/UnityEditor.WebGL.Extensions.dll
Register platform support module: D:/Unity Editor/2022.3.5f1/Editor/Data/PlaybackEngines/WindowsStandaloneSupport/UnityEditor.WindowsStandalone.Extensions.dll
Registered in 0.016180 seconds.
- Loaded All Assemblies, in  1.685 seconds
Native extension for WindowsStandalone target not found
Native extension for WebGL target not found
Mono: successfully reloaded assembly
- Finished resetting the current domain, in  1.069 seconds
Domain Reload Profiling: 2755ms
	BeginReloadAssembly (378ms)
		ExecutionOrderSort (0ms)
		DisableScriptedObjects (0ms)
		BackupInstance (0ms)
		ReleaseScriptingObjects (0ms)
		CreateAndSetChildDomain (3ms)
	RebuildCommonClasses (150ms)
	RebuildNativeTypeToScriptingClass (38ms)
	initialDomainReloadingComplete (157ms)
	LoadAllAssembliesAndSetupDomain (962ms)
		LoadAssemblies (375ms)
		RebuildTransferFunctionScriptingTraits (0ms)
		AnalyzeDomain (955ms)
			TypeCache.Refresh (953ms)
				TypeCache.ScanAssembly (926ms)
			ScanForSourceGeneratedMonoScriptInfo (1ms)
			ResolveRequiredComponents (1ms)
	FinalizeReload (1071ms)
		ReleaseScriptCaches (0ms)
		RebuildScriptCaches (0ms)
		SetupLoadedEditorAssemblies (900ms)
			LogAssemblyErrors (0ms)
			InitializePlatformSupportModulesInManaged (23ms)
			SetLoadedEditorAssemblies (26ms)
			RefreshPlugins (0ms)
			BeforeProcessingInitializeOnLoad (11ms)
			ProcessInitializeOnLoadAttributes (619ms)
			ProcessInitializeOnLoadMethodAttributes (219ms)
			AfterProcessingInitializeOnLoad (1ms)
			EditorAssembliesLoaded (0ms)
		ExecutionOrderSort2 (0ms)
		AwakeInstancesAfterBackupRestoration (0ms)
========================================================================
Worker process is ready to serve import requests
Begin MonoManager ReloadAssembly
Symbol file LoadedFromMemory is not a mono symbol file
- Loaded All Assemblies, in  3.786 seconds
Refreshing native plugins compatible for Editor in 25.88 ms, found 2 plugins.
Native extension for WindowsStandalone target not found
Native extension for WebGL target not found
Mono: successfully reloaded assembly
- Finished resetting the current domain, in  3.724 seconds
Domain Reload Profiling: 7515ms
	BeginReloadAssembly (519ms)
		ExecutionOrderSort (0ms)
		DisableScriptedObjects (35ms)
		BackupInstance (0ms)
		ReleaseScriptingObjects (0ms)
		CreateAndSetChildDomain (61ms)
	RebuildCommonClasses (196ms)
	RebuildNativeTypeToScriptingClass (41ms)
	initialDomainReloadingComplete (153ms)
	LoadAllAssembliesAndSetupDomain (2875ms)
		LoadAssemblies (1100ms)
		RebuildTransferFunctionScriptingTraits (0ms)
		AnalyzeDomain (2027ms)
			TypeCache.Refresh (1789ms)
				TypeCache.ScanAssembly (1720ms)
			ScanForSourceGeneratedMonoScriptInfo (226ms)
			ResolveRequiredComponents (12ms)
	FinalizeReload (3730ms)
		ReleaseScriptCaches (0ms)
		RebuildScriptCaches (0ms)
		SetupLoadedEditorAssemblies (2686ms)
			LogAssemblyErrors (0ms)
			InitializePlatformSupportModulesInManaged (20ms)
			SetLoadedEditorAssemblies (95ms)
			RefreshPlugins (0ms)
			BeforeProcessingInitializeOnLoad (261ms)
			ProcessInitializeOnLoadAttributes (1463ms)
			ProcessInitializeOnLoadMethodAttributes (840ms)
			AfterProcessingInitializeOnLoad (6ms)
			EditorAssembliesLoaded (1ms)
		ExecutionOrderSort2 (0ms)
		AwakeInstancesAfterBackupRestoration (27ms)
Launched and connected shader compiler UnityShaderCompiler.exe after 0.29 seconds
Refreshing native plugins compatible for Editor in 23.22 ms, found 2 plugins.
Preloading 0 native plugins for Editor in 0.00 ms.
Unloading 2508 Unused Serialized files (Serialized files now loaded: 0)
Unloading 60 unused Assets / (68.2 KB). Loaded Objects now: 2954.
Memory consumption went from 104.7 MB to 104.6 MB.
Total: 19.026300 ms (FindLiveObjects: 0.426500 ms CreateObjectMapping: 0.465100 ms MarkObjects: 17.479000 ms  DeleteObjects: 0.652700 ms)

AssetImportParameters requested are different than current active one (requested -> active):
  custom:video-decoder-webm-vp8: 9c59270c3fd7afecdb556c50c9e8de78 -> 
  custom:container-demuxer-ogg: 62fdf1f143b41e24485cea50d1cbac27 -> 
  custom:AudioImporter_EditorPlatform: d09bf68614088b80899f8185d706f6e7 -> 
  custom:video-decoder-ogg-theora: a1e56fd34408186e4bbccfd4996cb3dc -> 
  custom:framework-win-MediaFoundation: 216162199b28c13a410421893ffa2e32 -> 
  custom:video-encoder-webm-vp8: eb34c28f22e8b96e1ab97ce403110664 -> 
  custom:audio-decoder-ogg-vorbis: bf7c407c2cedff20999df2af8eb42d56 -> 
  custom:container-demuxer-webm: 4f35f7cbe854078d1ac9338744f61a02 -> 
  custom:audio-encoder-webm-vorbis: bf7c407c2cedff20999df2af8eb42d56 -> 
  custom:container-muxer-webm: aa71ff27fc2769a1b78a27578f13a17b -> 
========================================================================
Received Import Request.
  Time since last request: 1045.913282 seconds.
  path: Assets/Scenes/SimpleFSM.unity
  artifactKey: Guid(d82a4cd76732b77438d0d49fd198ea77) Importer(815301076,1909f56bfc062723c751e8b465ee728b)
Start importing Assets/Scenes/SimpleFSM.unity using Guid(d82a4cd76732b77438d0d49fd198ea77) Importer(815301076,1909f56bfc062723c751e8b465ee728b)  -> (artifact id: 'e6ffd8087941db18fffc993f5685fa53') in 0.020382 seconds
Number of updated asset objects reloaded before import = 0
Number of asset objects unloaded after import = 0
========================================================================
Received Import Request.
  Time since last request: 0.000110 seconds.
  path: Assets/Scenes
  artifactKey: Guid(e7ce2c81cdd8c2243a79c2d2b244d2d6) Importer(815301076,1909f56bfc062723c751e8b465ee728b)
Start importing Assets/Scenes using Guid(e7ce2c81cdd8c2243a79c2d2b244d2d6) Importer(815301076,1909f56bfc062723c751e8b465ee728b)  -> (artifact id: 'c250d4959eb1bb691b40a2dea3f18a10') in 0.002576 seconds
Number of updated asset objects reloaded before import = 0
Number of asset objects unloaded after import = 0
========================================================================
Received Import Request.
  Time since last request: 120.005459 seconds.
  path: Assets/Resources/Prefabs/AdvancedFSMTank.prefab
  artifactKey: Guid(2a07a5af3c2589a4e9b6b151ff3e28d6) Importer(815301076,1909f56bfc062723c751e8b465ee728b)
Start importing Assets/Resources/Prefabs/AdvancedFSMTank.prefab using Guid(2a07a5af3c2589a4e9b6b151ff3e28d6) Importer(815301076,1909f56bfc062723c751e8b465ee728b)  -> (artifact id: '5683f7a0c51e984a04c45eb939b829f9') in 0.170812 seconds
Number of updated asset objects reloaded before import = 0
Number of asset objects unloaded after import = 15
========================================================================
Received Import Request.
  Time since last request: 0.000231 seconds.
  path: Assets/Resources/Prefabs/PlayerTank.prefab
  artifactKey: Guid(1ae11e12b4123d6449de94743bba98eb) Importer(815301076,1909f56bfc062723c751e8b465ee728b)
Start importing Assets/Resources/Prefabs/PlayerTank.prefab using Guid(1ae11e12b4123d6449de94743bba98eb) Importer(815301076,1909f56bfc062723c751e8b465ee728b)  -> (artifact id: '230cd2cdeb0463a54025307f5360878f') in 4.357882 seconds
Number of updated asset objects reloaded before import = 0
Number of asset objects unloaded after import = 18
========================================================================
Received Import Request.
  Time since last request: 115.546010 seconds.
  path: Assets/ParticleEffects/ground_stone_ground.jpg
  artifactKey: Guid(7ee8af9b7f8df83448f1872995be2b62) Importer(815301076,1909f56bfc062723c751e8b465ee728b)
Start importing Assets/ParticleEffects/ground_stone_ground.jpg using Guid(7ee8af9b7f8df83448f1872995be2b62) Importer(815301076,1909f56bfc062723c751e8b465ee728b)  -> (artifact id: '5ccfb1651c3f35815403a3763a0ae7f9') in 0.141817 seconds
Number of updated asset objects reloaded before import = 0
Number of asset objects unloaded after import = 2
========================================================================
Received Prepare
Refreshing native plugins compatible for Editor in 15.90 ms, found 2 plugins.
Preloading 0 native plugins for Editor in 0.00 ms.
Unloading 0 Unused Serialized files (Serialized files now loaded: 0)
Unloading 1 unused Assets / (0.8 KB). Loaded Objects now: 2965.
Memory consumption went from 68.5 MB to 68.5 MB.
Total: 22.429100 ms (FindLiveObjects: 0.575400 ms CreateObjectMapping: 0.358100 ms MarkObjects: 21.454600 ms  DeleteObjects: 0.038400 ms)

Prepare: number of updated asset objects reloaded= 0
AssetImportParameters requested are different than current active one (requested -> active):
  custom:video-decoder-webm-vp8: 9c59270c3fd7afecdb556c50c9e8de78 -> 
  custom:container-demuxer-ogg: 62fdf1f143b41e24485cea50d1cbac27 -> 
  custom:AudioImporter_EditorPlatform: d09bf68614088b80899f8185d706f6e7 -> 
  custom:video-decoder-ogg-theora: a1e56fd34408186e4bbccfd4996cb3dc -> 
  custom:framework-win-MediaFoundation: 216162199b28c13a410421893ffa2e32 -> 
  custom:video-encoder-webm-vp8: eb34c28f22e8b96e1ab97ce403110664 -> 
  custom:audio-decoder-ogg-vorbis: bf7c407c2cedff20999df2af8eb42d56 -> 
  custom:CustomObjectIndexerAttribute: 756ad292c208cfabdd7b50bc23989ffe -> 
  custom:container-demuxer-webm: 4f35f7cbe854078d1ac9338744f61a02 -> 
  custom:audio-encoder-webm-vorbis: bf7c407c2cedff20999df2af8eb42d56 -> 
  custom:container-muxer-webm: aa71ff27fc2769a1b78a27578f13a17b -> 
========================================================================
Received Prepare
Begin MonoManager ReloadAssembly
Symbol file LoadedFromMemory is not a mono symbol file
- Loaded All Assemblies, in  3.211 seconds
Refreshing native plugins compatible for Editor in 40.99 ms, found 2 plugins.
Native extension for WindowsStandalone target not found
Native extension for WebGL target not found
Mono: successfully reloaded assembly
- Finished resetting the current domain, in 16.924 seconds
Domain Reload Profiling: 20137ms
	BeginReloadAssembly (561ms)
		ExecutionOrderSort (0ms)
		DisableScriptedObjects (14ms)
		BackupInstance (0ms)
		ReleaseScriptingObjects (0ms)
		CreateAndSetChildDomain (306ms)
	RebuildCommonClasses (88ms)
	RebuildNativeTypeToScriptingClass (28ms)
	initialDomainReloadingComplete (61ms)
	LoadAllAssembliesAndSetupDomain (2471ms)
		LoadAssemblies (1368ms)
		RebuildTransferFunctionScriptingTraits (0ms)
		AnalyzeDomain (1276ms)
			TypeCache.Refresh (1247ms)
				TypeCache.ScanAssembly (1193ms)
			ScanForSourceGeneratedMonoScriptInfo (1ms)
			ResolveRequiredComponents (28ms)
	FinalizeReload (16928ms)
		ReleaseScriptCaches (0ms)
		RebuildScriptCaches (0ms)
		SetupLoadedEditorAssemblies (4367ms)
			LogAssemblyErrors (0ms)
			InitializePlatformSupportModulesInManaged (65ms)
			SetLoadedEditorAssemblies (138ms)
			RefreshPlugins (0ms)
			BeforeProcessingInitializeOnLoad (269ms)
			ProcessInitializeOnLoadAttributes (2435ms)
			ProcessInitializeOnLoadMethodAttributes (1449ms)
			AfterProcessingInitializeOnLoad (10ms)
			EditorAssembliesLoaded (2ms)
		ExecutionOrderSort2 (0ms)
		AwakeInstancesAfterBackupRestoration (36ms)
Refreshing native plugins compatible for Editor in 29.96 ms, found 2 plugins.
Preloading 0 native plugins for Editor in 0.00 ms.
Unloading 2501 Unused Serialized files (Serialized files now loaded: 0)
Unloading 49 unused Assets / (42.5 KB). Loaded Objects now: 2967.
Memory consumption went from 107.6 MB to 107.6 MB.
Total: 37.107200 ms (FindLiveObjects: 0.568300 ms CreateObjectMapping: 0.862000 ms MarkObjects: 34.464200 ms  DeleteObjects: 1.210600 ms)

Prepare: number of updated asset objects reloaded= 0
AssetImportParameters requested are different than current active one (requested -> active):
  custom:video-decoder-webm-vp8: 9c59270c3fd7afecdb556c50c9e8de78 -> 
  custom:container-demuxer-ogg: 62fdf1f143b41e24485cea50d1cbac27 -> 
  custom:AudioImporter_EditorPlatform: d09bf68614088b80899f8185d706f6e7 -> 
  custom:video-decoder-ogg-theora: a1e56fd34408186e4bbccfd4996cb3dc -> 
  custom:framework-win-MediaFoundation: 216162199b28c13a410421893ffa2e32 -> 
  custom:video-encoder-webm-vp8: eb34c28f22e8b96e1ab97ce403110664 -> 
  custom:audio-decoder-ogg-vorbis: bf7c407c2cedff20999df2af8eb42d56 -> 
  custom:CustomObjectIndexerAttribute: 756ad292c208cfabdd7b50bc23989ffe -> 
  custom:container-demuxer-webm: 4f35f7cbe854078d1ac9338744f61a02 -> 
  custom:audio-encoder-webm-vorbis: bf7c407c2cedff20999df2af8eb42d56 -> 
  custom:container-muxer-webm: aa71ff27fc2769a1b78a27578f13a17b -> 
========================================================================
Received Import Request.
  Time since last request: 276.931287 seconds.
  path: Assets/Scripts/Misc
  artifactKey: Guid(730f1542a15e04d438c881c6a7533ce6) Importer(815301076,1909f56bfc062723c751e8b465ee728b)
Start importing Assets/Scripts/Misc using Guid(730f1542a15e04d438c881c6a7533ce6) Importer(815301076,1909f56bfc062723c751e8b465ee728b)  -> (artifact id: '749d9aab2717b4d7a771d830d4eebf62') in 0.014600 seconds
Number of updated asset objects reloaded before import = 0
Number of asset objects unloaded after import = 0
========================================================================
Received Import Request.
  Time since last request: 4.539450 seconds.
  path: Assets/Scripts/Misc/PlayerTankController.cs
  artifactKey: Guid(8cd347f342048a243a8a0b2cdc5c6101) Importer(815301076,1909f56bfc062723c751e8b465ee728b)
Start importing Assets/Scripts/Misc/PlayerTankController.cs using Guid(8cd347f342048a243a8a0b2cdc5c6101) Importer(815301076,1909f56bfc062723c751e8b465ee728b)  -> (artifact id: '8f97266b328bf11a07d8c22d75049dc2') in 0.000930 seconds
Number of updated asset objects reloaded before import = 0
Number of asset objects unloaded after import = 0
========================================================================
Received Import Request.
  Time since last request: 323.603777 seconds.
  path: Assets/Scripts/SimpleFSM
  artifactKey: Guid(0fbc4619d1c4dd049b2c2319b5da05e1) Importer(815301076,1909f56bfc062723c751e8b465ee728b)
Start importing Assets/Scripts/SimpleFSM using Guid(0fbc4619d1c4dd049b2c2319b5da05e1) Importer(815301076,1909f56bfc062723c751e8b465ee728b)  -> (artifact id: '335552c26b17ceb3faccee36a8157253') in 0.001084 seconds
Number of updated asset objects reloaded before import = 0
Number of asset objects unloaded after import = 0
========================================================================
Received Import Request.
  Time since last request: 223.591062 seconds.
  path: Assets/Scenes/AdvancedFSM.unity
  artifactKey: Guid(c128e6a0de3f4c741bd5db3240c5f635) Importer(815301076,1909f56bfc062723c751e8b465ee728b)
Start importing Assets/Scenes/AdvancedFSM.unity using Guid(c128e6a0de3f4c741bd5db3240c5f635) Importer(815301076,1909f56bfc062723c751e8b465ee728b)  -> (artifact id: '24688461bc54e3653b4e1713dbbaea81') in 0.002686 seconds
Number of updated asset objects reloaded before import = 0
Number of asset objects unloaded after import = 0
========================================================================
Received Import Request.
  Time since last request: 11.323589 seconds.
  path: Assets/Scripts/AdvancedFSM
  artifactKey: Guid(3340a0dff555f1d4092e86be76a101d6) Importer(815301076,1909f56bfc062723c751e8b465ee728b)
Start importing Assets/Scripts/AdvancedFSM using Guid(3340a0dff555f1d4092e86be76a101d6) Importer(815301076,1909f56bfc062723c751e8b465ee728b)  -> (artifact id: '68f7b4dcd8e795e35e5cce66ce8cc26c') in 0.001333 seconds
Number of updated asset objects reloaded before import = 0
Number of asset objects unloaded after import = 0
========================================================================
Received Import Request.
  Time since last request: 14.823466 seconds.
  path: Assets/Scripts/AdvancedFSM/PatrolState.cs
  artifactKey: Guid(cb30b5ec487c23c488eae83b7394c29c) Importer(815301076,1909f56bfc062723c751e8b465ee728b)
Start importing Assets/Scripts/AdvancedFSM/PatrolState.cs using Guid(cb30b5ec487c23c488eae83b7394c29c) Importer(815301076,1909f56bfc062723c751e8b465ee728b)  -> (artifact id: '1ab2d985c00197f7b189a806a80770dc') in 0.000728 seconds
Number of updated asset objects reloaded before import = 0
Number of asset objects unloaded after import = 0
